############## Energy for level( frag1 ) is : -76.23085392772386 ################
/home/nbraunsc/MIM/inputs/water
MIM Energy (Hartree):
 -76.23085392772386
Norm of Gradient:
 0.009299977735506967
############## Energy for level( frag1 ) is : -76.23098651536911 ################
/home/nbraunsc/MIM/inputs/water
MIM Energy (Hartree):
 -76.23098651536911
Norm of Gradient:
 0.0023474065786386056
############## Energy for level( frag1 ) is : -389.4616165202115 ################
/home/nbraunsc/MIM/inputs/test
MIM Energy (Hartree):
 -389.4616165202115
Norm of Gradient:
 0.16451309049201776
############## Energy for level( frag1 ) is : -389.46161652020953 ################
/home/nbraunsc/MIM/inputs/test
MIM Energy (Hartree):
 -389.46161652020953
Norm of Gradient:
 0.16451309049198531
############## Energy for level( frag3 ) is : -390.05683359866566 ################
############## Energy for level( frag1 ) is : -779.518450118878 ################
############## Energy for level( frag2 ) is : -389.4436363970086 ################
/home/nbraunsc/MIM/inputs/pbe631g
MIM Energy (Hartree):
 -389.4436363970086
Norm of Gradient:
 0.1778566094196704
############## Energy for level( frag3 ) is : -390.0568335986753 ################
############## Energy for level( frag1 ) is : -779.5184501188867 ################
############## Energy for level( frag2 ) is : -389.443636397017 ################
/home/nbraunsc/MIM/inputs/pbe631g
MIM Energy (Hartree):
 -389.443636397017
Norm of Gradient:
 0.17785660941967266
############## Energy for level( frag3 ) is : -390.0770179266847 ################
############## Energy for level( frag1 ) is : -779.5595595014817 ################
############## Energy for level( frag2 ) is : -389.46430340368175 ################
/home/nbraunsc/MIM/inputs/pbe631g
MIM Energy (Hartree):
 -389.46430340368175
Norm of Gradient:
 0.06934549645844269
############## Energy for level( frag3 ) is : -390.08238919676364 ################
############## Energy for level( frag1 ) is : -779.5705166496286 ################
############## Energy for level( frag2 ) is : -389.4699034707812 ################
/home/nbraunsc/MIM/inputs/pbe631g
MIM Energy (Hartree):
 -389.4699034707812
Norm of Gradient:
 0.010837002902612
############## Energy for level( frag3 ) is : -390.0824588477841 ################
############## Energy for level( frag1 ) is : -779.5706837661849 ################
############## Energy for level( frag2 ) is : -389.47024304988724 ################
/home/nbraunsc/MIM/inputs/pbe631g
MIM Energy (Hartree):
 -389.47024304988724
Norm of Gradient:
 0.0060429161837848916
############## Energy for level( frag3 ) is : -390.0568335986792 ################
############## Energy for level( frag1 ) is : -779.5184501188911 ################
############## Energy for level( frag2 ) is : -389.4436363970213 ################
/home/nbraunsc/MIM/inputs/pbe631g
MIM Energy (Hartree):
 -389.4436363970213
Norm of Gradient:
 0.17785660941966178
############## Energy for level( frag3 ) is : -390.07701792668195 ################
############## Energy for level( frag1 ) is : -779.559559501479 ################
############## Energy for level( frag2 ) is : -389.4643034036782 ################
/home/nbraunsc/MIM/inputs/pbe631g
MIM Energy (Hartree):
 -389.4643034036782
Norm of Gradient:
 0.06934549645832633
############## Energy for level( frag3 ) is : -390.0823891967751 ################
############## Energy for level( frag1 ) is : -779.5705166496462 ################
############## Energy for level( frag2 ) is : -389.46990347079543 ################
/home/nbraunsc/MIM/inputs/pbe631g
MIM Energy (Hartree):
 -389.46990347079543
Norm of Gradient:
 0.01083700290060061
############## Energy for level( frag3 ) is : -390.0824588477811 ################
############## Energy for level( frag1 ) is : -779.570683766179 ################
############## Energy for level( frag2 ) is : -389.4702430498794 ################
/home/nbraunsc/MIM/inputs/pbe631g
MIM Energy (Hartree):
 -389.4702430498794
Norm of Gradient:
 0.006042916181746881
############## Energy for level( frag3 ) is : -390.08247011365455 ################
############## Energy for level( frag1 ) is : -779.570712637818 ################
############## Energy for level( frag2 ) is : -389.4703067466418 ################
/home/nbraunsc/MIM/inputs/pbe631g
MIM Energy (Hartree):
 -389.4703067466418
Norm of Gradient:
 0.0011656556878062725
############## Energy for level( frag3 ) is : -390.1345471085036 ################
############## Energy for level( frag1 ) is : -779.5961636287161 ################
############## Energy for level( frag2 ) is : -389.44210016257136 ################
/home/nbraunsc/MIM/inputs/pbe631g_
MIM Energy (Hartree):
 -389.44210016257136
Norm of Gradient:
 0.17836797666862508
############## Energy for level( frag3 ) is : -390.15490229484567 ################
############## Energy for level( frag1 ) is : -779.6375422899417 ################
############## Energy for level( frag2 ) is : -389.46298460583006 ################
/home/nbraunsc/MIM/inputs/pbe631g_
MIM Energy (Hartree):
 -389.46298460583006
Norm of Gradient:
 0.06915022936303704
############## Energy for level( frag3 ) is : -390.16053471559087 ################
############## Energy for level( frag1 ) is : -779.6488002573076 ################
############## Energy for level( frag2 ) is : -389.4685677080844 ################
/home/nbraunsc/MIM/inputs/pbe631g_
MIM Energy (Hartree):
 -389.4685677080844
Norm of Gradient:
 0.010875708297927557
############## Energy for level( frag3 ) is : -390.16076991946693 ################
############## Energy for level( frag1 ) is : -779.6491829387637 ################
############## Energy for level( frag2 ) is : -389.46890593474944 ################
/home/nbraunsc/MIM/inputs/pbe631g_
MIM Energy (Hartree):
 -389.46890593474944
Norm of Gradient:
 0.00604563833578021
############## Energy for level( frag3 ) is : -390.16080155021547 ################
############## Energy for level( frag1 ) is : -779.6492333275421 ################
############## Energy for level( frag2 ) is : -389.4689700948883 ################
/home/nbraunsc/MIM/inputs/pbe631g_
MIM Energy (Hartree):
 -389.4689700948883
Norm of Gradient:
 0.0011740272779955487
/home/nbraunsc/MIM/inputs/nv_130
MIM Energy (Hartree):
 0
Norm of Gradient:
 0.0
############## Energy for level( frag1 ) is : -342.6219630781369 ################
/home/nbraunsc/MIM/inputs/test
MIM Energy (Hartree):
 -342.6219630781369
Norm of Gradient:
 0.11512248056017393
############## Energy for level( frag1 ) is : -342.6289685071504 ################
/home/nbraunsc/MIM/inputs/test
MIM Energy (Hartree):
 -342.6289685071504
Norm of Gradient:
 0.03326217733096541
############## Energy for level( frag1 ) is : -342.62982046533307 ################
/home/nbraunsc/MIM/inputs/test
MIM Energy (Hartree):
 -342.62982046533307
Norm of Gradient:
 0.013225168991281674
############## Energy for level( frag3 ) is : -337.71716541613876 ################
############## Energy for level( frag1 ) is : -680.3391284942758 ################
############## Energy for level( frag2 ) is : -342.62136501400255 ################
/home/nbraunsc/MIM/inputs/test
MIM Energy (Hartree):
 -342.62136501400255
Norm of Gradient:
 0.11399910175418723
############## Energy for level( frag3 ) is : -337.71711052125374 ################
############## Energy for level( frag1 ) is : -680.3453974552951 ################
############## Energy for level( frag2 ) is : -342.62784679393087 ################
/home/nbraunsc/MIM/inputs/test
MIM Energy (Hartree):
 -342.62784679393087
Norm of Gradient:
 0.03460662327552171
############## Energy for level( frag3 ) is : -337.721440226016 ################
############## Energy for level( frag1 ) is : -680.3508946676684 ################
############## Energy for level( frag2 ) is : -342.6288420097188 ################
/home/nbraunsc/MIM/inputs/test
MIM Energy (Hartree):
 -342.6288420097188
Norm of Gradient:
 0.013147137869444806
############## Energy for level( frag3 ) is : -337.72200757252097 ################
############## Energy for level( frag1 ) is : -680.3515168117133 ################
############## Energy for level( frag2 ) is : -342.628904567963 ################
/home/nbraunsc/MIM/inputs/test
MIM Energy (Hartree):
 -342.628904567963
Norm of Gradient:
 0.020260884572173687
############## Energy for level( frag3 ) is : -337.72071344794216 ################
############## Energy for level( frag1 ) is : -680.3505016413071 ################
############## Energy for level( frag2 ) is : -342.6293022982761 ################
/home/nbraunsc/MIM/inputs/test
MIM Energy (Hartree):
 -342.6293022982761
Norm of Gradient:
 0.00761733639296312
############## Energy for level( frag3 ) is : -337.72156522799634 ################
############## Energy for level( frag1 ) is : -680.3516871352701 ################
############## Energy for level( frag2 ) is : -342.6295717224632 ################
/home/nbraunsc/MIM/inputs/test
MIM Energy (Hartree):
 -342.6295717224632
Norm of Gradient:
 0.005004482366158204
############## Energy for level( frag3 ) is : -337.7220838117552 ################
############## Energy for level( frag1 ) is : -680.3525522101438 ################
############## Energy for level( frag2 ) is : -342.62997948860504 ################
/home/nbraunsc/MIM/inputs/test
MIM Energy (Hartree):
 -342.62997948860504
Norm of Gradient:
 0.0053231083441445505
############## Energy for level( frag3 ) is : -337.7219632146108 ################
############## Energy for level( frag1 ) is : -680.3527457440314 ################
############## Energy for level( frag2 ) is : -342.6304906434232 ################
/home/nbraunsc/MIM/inputs/test
MIM Energy (Hartree):
 -342.6304906434232
Norm of Gradient:
 0.007187078088316648
############## Energy for level( frag3 ) is : -337.7219643465666 ################
############## Energy for level( frag1 ) is : -680.3528743947602 ################
############## Energy for level( frag2 ) is : -342.6306997674332 ################
/home/nbraunsc/MIM/inputs/test
MIM Energy (Hartree):
 -342.6306997674332
Norm of Gradient:
 0.008091258197495465
############## Energy for level( frag3 ) is : -337.72212061711383 ################
############## Energy for level( frag1 ) is : -680.3531801914787 ################
############## Energy for level( frag2 ) is : -342.63089197757245 ################
/home/nbraunsc/MIM/inputs/test
MIM Energy (Hartree):
 -342.63089197757245
Norm of Gradient:
 0.004527863539194462
############## Energy for level( frag3 ) is : -337.7221591098814 ################
############## Energy for level( frag1 ) is : -680.3531062738977 ################
############## Energy for level( frag2 ) is : -342.63077621014475 ################
/home/nbraunsc/MIM/inputs/test
MIM Energy (Hartree):
 -342.63077621014475
Norm of Gradient:
 0.01077610044818589
############## Energy for level( frag3 ) is : -337.7222465458188 ################
############## Energy for level( frag1 ) is : -680.3534578277707 ################
############## Energy for level( frag2 ) is : -342.63102392609676 ################
/home/nbraunsc/MIM/inputs/test
MIM Energy (Hartree):
 -342.63102392609676
Norm of Gradient:
 0.0019065977313933687
############## Energy for level( frag3 ) is : -337.72236775923466 ################
############## Energy for level( frag1 ) is : -680.353703882449 ################
############## Energy for level( frag2 ) is : -342.63114032311717 ################
/home/nbraunsc/MIM/inputs/test
MIM Energy (Hartree):
 -342.63114032311717
Norm of Gradient:
 0.0027916398126531885
############## Energy for level( frag3 ) is : -337.72259109580807 ################
############## Energy for level( frag1 ) is : -680.3541171750351 ################
############## Energy for level( frag2 ) is : -342.6313435028262 ################
/home/nbraunsc/MIM/inputs/test
MIM Energy (Hartree):
 -342.6313435028262
Norm of Gradient:
 0.0034310183562267374
############## Energy for level( frag3 ) is : -337.7204699529852 ################
############## Energy for level( frag1 ) is : -680.3500379368021 ################
############## Energy for level( frag2 ) is : -342.6294104754296 ################
/home/nbraunsc/MIM/inputs/test
MIM Energy (Hartree):
 -342.6294104754296
Norm of Gradient:
 0.037656270603144804
############## Energy for level( frag3 ) is : -337.7227830183671 ################
############## Energy for level( frag1 ) is : -680.3545244021403 ################
############## Energy for level( frag2 ) is : -342.6315662289263 ################
/home/nbraunsc/MIM/inputs/test
MIM Energy (Hartree):
 -342.6315662289263
Norm of Gradient:
 0.0023275334734607417
############## Energy for level( frag3 ) is : -337.723036467941 ################
############## Energy for level( frag1 ) is : -680.3550616619326 ################
############## Energy for level( frag2 ) is : -342.63188233630484 ################
/home/nbraunsc/MIM/inputs/test
MIM Energy (Hartree):
 -342.63188233630484
Norm of Gradient:
 0.003956500210133939
############## Energy for level( frag3 ) is : -337.72345682933525 ################
############## Energy for level( frag1 ) is : -680.355151537646 ################
############## Energy for level( frag2 ) is : -342.63152181458116 ################
/home/nbraunsc/MIM/inputs/test
MIM Energy (Hartree):
 -342.63152181458116
Norm of Gradient:
 0.029128547736367392
############## Energy for level( frag3 ) is : -337.7235227394173 ################
############## Energy for level( frag1 ) is : -680.3560132285922 ################
############## Energy for level( frag2 ) is : -342.6323769883311 ################
/home/nbraunsc/MIM/inputs/test
MIM Energy (Hartree):
 -342.6323769883311
Norm of Gradient:
 0.003321983126797647
############## Energy for level( frag3 ) is : -337.7239905287101 ################
############## Energy for level( frag1 ) is : -680.3568669009202 ################
############## Energy for level( frag2 ) is : -342.6328007244345 ################
/home/nbraunsc/MIM/inputs/test
MIM Energy (Hartree):
 -342.6328007244345
Norm of Gradient:
 0.005359899973512462
############## Energy for level( frag3 ) is : -337.65777432375785 ################
############## Energy for level( frag1 ) is : -680.2366044309854 ################
############## Energy for level( frag2 ) is : -342.5761304668928 ################
/home/nbraunsc/MIM/inputs/test
MIM Energy (Hartree):
 -342.5761304668928
Norm of Gradient:
 0.3244004096826023
############## Energy for level( frag3 ) is : -337.72415636198804 ################
############## Energy for level( frag1 ) is : -680.3572919883617 ################
############## Energy for level( frag2 ) is : -342.63308751434954 ################
/home/nbraunsc/MIM/inputs/test
MIM Energy (Hartree):
 -342.63308751434954
Norm of Gradient:
 0.0030817711291957393
############## Energy for level( frag3 ) is : -337.7243470632182 ################
############## Energy for level( frag1 ) is : -680.3579602968648 ################
############## Energy for level( frag2 ) is : -342.63356581492667 ################
/home/nbraunsc/MIM/inputs/test
MIM Energy (Hartree):
 -342.63356581492667
Norm of Gradient:
 0.003737128066717836
############## Energy for level( frag3 ) is : -337.72503742155766 ################
############## Energy for level( frag1 ) is : -680.3594635804819 ################
############## Energy for level( frag2 ) is : -342.6344287055774 ################
/home/nbraunsc/MIM/inputs/test
MIM Energy (Hartree):
 -342.6344287055774
Norm of Gradient:
 0.0046647085182517315
############## Energy for level( frag3 ) is : -337.725462269498 ################
############## Energy for level( frag1 ) is : -680.3605416027859 ################
############## Energy for level( frag2 ) is : -342.6349684732292 ################
/home/nbraunsc/MIM/inputs/test
MIM Energy (Hartree):
 -342.6349684732292
Norm of Gradient:
 0.012710691999507374
############## Energy for level( frag3 ) is : -337.7256174938186 ################
############## Energy for level( frag1 ) is : -680.3603604751936 ################
############## Energy for level( frag2 ) is : -342.6349862700158 ################
/home/nbraunsc/MIM/inputs/test
MIM Energy (Hartree):
 -342.6349862700158
Norm of Gradient:
 0.013131127537731109
############## Energy for level( frag3 ) is : -337.72590818899926 ################
############## Energy for level( frag1 ) is : -680.3611171869675 ################
############## Energy for level( frag2 ) is : -342.63534375338014 ################
/home/nbraunsc/MIM/inputs/test
MIM Energy (Hartree):
 -342.63534375338014
Norm of Gradient:
 0.0011550667370618507
############## Energy for level( frag3 ) is : -337.72592140954725 ################
############## Energy for level( frag1 ) is : -680.36118605316 ################
############## Energy for level( frag2 ) is : -342.63535929557 ################
/home/nbraunsc/MIM/inputs/test
MIM Energy (Hartree):
 -342.63535929557
Norm of Gradient:
 0.0009262172540223446
############## Energy for level( frag3 ) is : -337.725933606055 ################
############## Energy for level( frag1 ) is : -680.3612217712614 ################
############## Energy for level( frag2 ) is : -342.635374150841 ################
/home/nbraunsc/MIM/inputs/test
MIM Energy (Hartree):
 -342.635374150841
Norm of Gradient:
 0.0007693487139970397
############## Energy for level( frag3 ) is : -337.7259425113384 ################
############## Energy for level( frag1 ) is : -680.3612208165674 ################
############## Energy for level( frag2 ) is : -342.6353780202252 ################
/home/nbraunsc/MIM/inputs/test
MIM Energy (Hartree):
 -342.6353780202252
Norm of Gradient:
 0.0003416936541286632
############## Energy for level( frag3 ) is : -337.7259258576354 ################
############## Energy for level( frag1 ) is : -680.3612052360688 ################
############## Energy for level( frag2 ) is : -342.6353785152834 ################
/home/nbraunsc/MIM/inputs/test
MIM Energy (Hartree):
 -342.6353785152834
Norm of Gradient:
 0.000108036391062735
############## Energy for level( frag3 ) is : -337.72592746453745 ################
############## Energy for level( frag1 ) is : -680.3612090491974 ################
############## Energy for level( frag2 ) is : -342.63537867719776 ################
/home/nbraunsc/MIM/inputs/test
MIM Energy (Hartree):
 -342.63537867719776
Norm of Gradient:
 5.9992731234146263e-05
############## Energy for level( frag1 ) is : -74.96452900740141 ################
/home/nbraunsc/MIM/inputs/water
MIM Energy (Hartree):
 -74.96452900740141
Norm of Gradient:
 0.0542639197804829
############## Energy for level( frag1 ) is : -74.96452900740144 ################
/home/nbraunsc/MIM/inputs/water
MIM Energy (Hartree):
 -74.96452900740144
Norm of Gradient:
 0.054263919780483595
############## Energy for level( frag1 ) is : -74.96585163539538 ################
/home/nbraunsc/MIM/inputs/water
MIM Energy (Hartree):
 -74.96585163539538
Norm of Gradient:
 0.009163589101608919
############## Energy for level( frag1 ) is : -74.96589975442338 ################
/home/nbraunsc/MIM/inputs/water
MIM Energy (Hartree):
 -74.96589975442338
Norm of Gradient:
 0.00114947128581705
############## Energy for level( frag1 ) is : -74.96590091294571 ################
/home/nbraunsc/MIM/inputs/water
MIM Energy (Hartree):
 -74.96590091294571
Norm of Gradient:
 0.0006418579712719676
############## Energy for level( frag1 ) is : -74.96590119229145 ################
/home/nbraunsc/MIM/inputs/water
MIM Energy (Hartree):
 -74.96590119229145
Norm of Gradient:
 4.3970922222657724e-06
############## Energy for level( frag1 ) is : -74.96452900740147 ################
/home/nbraunsc/MIM/inputs/water
MIM Energy (Hartree):
 -74.96452900740147
Norm of Gradient:
 0.054263919780485684
############## Energy for level( frag1 ) is : -74.96585163539541 ################
/home/nbraunsc/MIM/inputs/water
MIM Energy (Hartree):
 -74.96585163539541
Norm of Gradient:
 0.009163589101650714
############## Energy for level( frag1 ) is : -74.96589975442342 ################
/home/nbraunsc/MIM/inputs/water
MIM Energy (Hartree):
 -74.96589975442342
Norm of Gradient:
 0.00114947128579357
############## Energy for level( frag1 ) is : -74.96590091294573 ################
/home/nbraunsc/MIM/inputs/water
MIM Energy (Hartree):
 -74.96590091294573
Norm of Gradient:
 0.000641857971199755
############## Energy for level( frag1 ) is : -74.96590119229138 ################
/home/nbraunsc/MIM/inputs/water
MIM Energy (Hartree):
 -74.96590119229138
Norm of Gradient:
 4.3970922629282404e-06
############## Energy for level( frag1 ) is : -74.96452900740147 ################
/home/nbraunsc/MIM/inputs/water
MIM Energy (Hartree):
 -74.96452900740147
Norm of Gradient:
 0.05426391978048617
############## Energy for level( frag1 ) is : -74.96585163539544 ################
/home/nbraunsc/MIM/inputs/water
MIM Energy (Hartree):
 -74.96585163539544
Norm of Gradient:
 0.009163589101780953
############## Energy for level( frag1 ) is : -74.96589975442335 ################
/home/nbraunsc/MIM/inputs/water
MIM Energy (Hartree):
 -74.96589975442335
Norm of Gradient:
 0.0011494712858034445
############## Energy for level( frag1 ) is : -74.96590091294576 ################
/home/nbraunsc/MIM/inputs/water
MIM Energy (Hartree):
 -74.96590091294576
Norm of Gradient:
 0.0006418579711848505
############## Energy for level( frag1 ) is : -74.96590119229135 ################
/home/nbraunsc/MIM/inputs/water
MIM Energy (Hartree):
 -74.96590119229135
Norm of Gradient:
 4.397092152335504e-06
############## Energy for level( frag1 ) is : -74.96452900740144 ################
/home/nbraunsc/MIM/inputs/water
MIM Energy (Hartree):
 -74.96452900740144
Norm of Gradient:
 0.054263919780478155
############## Energy for level( frag1 ) is : -74.96585163539542 ################
/home/nbraunsc/MIM/inputs/water
MIM Energy (Hartree):
 -74.96585163539542
Norm of Gradient:
 0.009163589101789545
############## Energy for level( frag1 ) is : -74.96589975442336 ################
/home/nbraunsc/MIM/inputs/water
MIM Energy (Hartree):
 -74.96589975442336
Norm of Gradient:
 0.0011494712858417804
############## Energy for level( frag1 ) is : -74.96590091294573 ################
/home/nbraunsc/MIM/inputs/water
MIM Energy (Hartree):
 -74.96590091294573
Norm of Gradient:
 0.0006418579714563341
############## Energy for level( frag1 ) is : -74.96590119229134 ################
/home/nbraunsc/MIM/inputs/water
MIM Energy (Hartree):
 -74.96590119229134
Norm of Gradient:
 4.397092263554532e-06
############## Energy for level( frag3 ) is : 0 ################
############## Energy for level( frag1 ) is : 0 ################
############## Energy for level( frag2 ) is : 0 ################
/home/nbraunsc/MIM/inputs/water
MIM Energy (Hartree):
 0
Norm of Gradient:
 0.0
############## Energy for level( frag3 ) is : 0 ################
############## Energy for level( frag1 ) is : 0 ################
############## Energy for level( frag2 ) is : 0 ################
/home/nbraunsc/MIM/inputs/water
MIM Energy (Hartree):
 0
Norm of Gradient:
 0.0
############## Energy for level( frag3 ) is : 0 ################
############## Energy for level( frag1 ) is : 0 ################
############## Energy for level( frag2 ) is : 0 ################
/home/nbraunsc/MIM/inputs/water
MIM Energy (Hartree):
 0
Norm of Gradient:
 0.0
############## Energy for level( frag3 ) is : -1933.602021608568 ################
############## Energy for level( frag1 ) is : -3902.7121879093743 ################
############## Energy for level( frag2 ) is : -1968.9458266499882 ################
/home/nbraunsc/MIM/inputs/diamond103
MIM Energy (Hartree):
 -1968.9458266499882
Norm of Gradient:
 0.23116353197500036
############## Energy for level( frag3 ) is : -1933.6363222670095 ################
############## Energy for level( frag1 ) is : -3902.7485471124887 ################
############## Energy for level( frag2 ) is : -1968.990906937384 ################
/home/nbraunsc/MIM/inputs/diamond103
MIM Energy (Hartree):
 -1968.990906937384
Norm of Gradient:
 0.15023357722269354
############## Energy for level( frag3 ) is : -3291.8115096485026 ################
############## Energy for level( frag1 ) is : -6643.465907408229 ################
############## Energy for level( frag2 ) is : -3351.3720837434253 ################
/home/nbraunsc/MIM/inputs/diamond163
MIM Energy (Hartree):
 -3351.3720837434253
Norm of Gradient:
 0.29900208748884893
############## Energy for level( frag3 ) is : -1933.602021608538 ################
############## Energy for level( frag1 ) is : -3902.7121879093515 ################
############## Energy for level( frag2 ) is : -1968.9458266499619 ################
/home/nbraunsc/MIM/inputs/diamond103
MIM Energy (Hartree):
 -1968.9458266499619
Norm of Gradient:
 0.2311637581572355
############## Energy for level( frag1 ) is : -1681.8029955960408 ################
/home/nbraunsc/MIM/inputs/diamond103_mim1
MIM Energy (Hartree):
 -1681.8029955960408
Norm of Gradient:
 1.3872682984879718
############## Energy for level( frag1 ) is : -1682.5413518139164 ################
/home/nbraunsc/MIM/inputs/diamond103_mim1
MIM Energy (Hartree):
 -1682.5413518139164
Norm of Gradient:
 1.3065912723603899
############## Energy for level( frag1 ) is : -1683.88198484897 ################
/home/nbraunsc/MIM/inputs/diamond103_mim1
MIM Energy (Hartree):
 -1683.88198484897
Norm of Gradient:
 1.155214320127002
############## Energy for level( frag1 ) is : -2865.4702105528327 ################
/home/nbraunsc/MIM/inputs/diamond163_mim1
MIM Energy (Hartree):
 -2865.4702105528327
Norm of Gradient:
 1.6811838327520259
############## Energy for level( frag1 ) is : -4475.28910754578 ################
/home/nbraunsc/MIM/inputs/diamond240_mim1
MIM Energy (Hartree):
 -4475.28910754578
Norm of Gradient:
 1.9710233637830454
############## Energy for level( frag1 ) is : -1685.572665541172 ################
/home/nbraunsc/MIM/inputs/diamond103_mim1
MIM Energy (Hartree):
 -1685.572665541172
Norm of Gradient:
 0.9558838656994889
############## Energy for level( frag1 ) is : -2866.443767802531 ################
/home/nbraunsc/MIM/inputs/diamond163_mim1
MIM Energy (Hartree):
 -2866.443767802531
Norm of Gradient:
 1.6060928751523973
############## Energy for level( frag1 ) is : -4476.5143173241595 ################
/home/nbraunsc/MIM/inputs/diamond240_mim1
MIM Energy (Hartree):
 -4476.5143173241595
Norm of Gradient:
 1.9004669892845736
############## Energy for level( frag1 ) is : -1682.541309550468 ################
/home/nbraunsc/MIM/inputs/diamond103_mim1
MIM Energy (Hartree):
 -1682.541309550468
Norm of Gradient:
 1.3050749785567664
############## Energy for level( frag1 ) is : -1685.942463489153 ################
/home/nbraunsc/MIM/inputs/diamond103_mim1
MIM Energy (Hartree):
 -1685.942463489153
Norm of Gradient:
 0.911408106509616
############## Energy for level( frag1 ) is : -2868.2513528980357 ################
/home/nbraunsc/MIM/inputs/diamond163_mim1
MIM Energy (Hartree):
 -2868.2513528980357
Norm of Gradient:
 1.462878265078779
############## Energy for level( frag1 ) is : -4478.822770396711 ################
/home/nbraunsc/MIM/inputs/diamond240_mim1
MIM Energy (Hartree):
 -4478.822770396711
Norm of Gradient:
 1.7645090790655924
############## Energy for level( frag1 ) is : -1686.628072885533 ################
/home/nbraunsc/MIM/inputs/diamond103_mim1
MIM Energy (Hartree):
 -1686.628072885533
Norm of Gradient:
 0.8264705053934063
############## Energy for level( frag1 ) is : -2870.6825618615803 ################
/home/nbraunsc/MIM/inputs/diamond163_mim1
MIM Energy (Hartree):
 -2870.6825618615803
Norm of Gradient:
 1.2633351493165743
############## Energy for level( frag1 ) is : -1687.8029023169436 ################
/home/nbraunsc/MIM/inputs/diamond103_mim1
MIM Energy (Hartree):
 -1687.8029023169436
Norm of Gradient:
 0.6739419759960943
############## Energy for level( frag1 ) is : -2872.751563191315 ################
/home/nbraunsc/MIM/inputs/diamond163_mim1
MIM Energy (Hartree):
 -2872.751563191315
Norm of Gradient:
 1.0862385959584422
############## Energy for level( frag1 ) is : -4482.061818077574 ################
/home/nbraunsc/MIM/inputs/diamond240_mim1
MIM Energy (Hartree):
 -4482.061818077574
Norm of Gradient:
 1.5679998917736002
############## Energy for level( frag1 ) is : -1688.7411703158334 ################
/home/nbraunsc/MIM/inputs/diamond103_mim1
MIM Energy (Hartree):
 -1688.7411703158334
Norm of Gradient:
 0.5438313860014625
############## Energy for level( frag1 ) is : -2874.50826550061 ################
/home/nbraunsc/MIM/inputs/diamond163_mim1
MIM Energy (Hartree):
 -2874.50826550061
Norm of Gradient:
 0.9290169320416998
############## Energy for level( frag1 ) is : -4484.90582584966 ################
/home/nbraunsc/MIM/inputs/diamond240_mim1
MIM Energy (Hartree):
 -4484.90582584966
Norm of Gradient:
 1.38937961318369
############## Energy for level( frag1 ) is : -1689.4840611900913 ################
/home/nbraunsc/MIM/inputs/diamond103_mim1
MIM Energy (Hartree):
 -1689.4840611900913
Norm of Gradient:
 0.43283485278652745
############## Energy for level( frag1 ) is : -2875.991724115328 ################
/home/nbraunsc/MIM/inputs/diamond163_mim1
MIM Energy (Hartree):
 -2875.991724115328
Norm of Gradient:
 0.7896019980207781
############## Energy for level( frag1 ) is : -1690.0625646172716 ################
/home/nbraunsc/MIM/inputs/diamond103_mim1
MIM Energy (Hartree):
 -1690.0625646172716
Norm of Gradient:
 0.3384277170830503
############## Energy for level( frag1 ) is : -2877.2362544359994 ################
/home/nbraunsc/MIM/inputs/diamond163_mim1
MIM Energy (Hartree):
 -2877.2362544359994
Norm of Gradient:
 0.6661649934833904
############## Energy for level( frag1 ) is : -1690.5032191281384 ################
/home/nbraunsc/MIM/inputs/diamond103_mim1
MIM Energy (Hartree):
 -1690.5032191281384
Norm of Gradient:
 0.2584678497158884
############## Energy for level( frag1 ) is : -4487.3997859934025 ################
/home/nbraunsc/MIM/inputs/diamond240_mim1
MIM Energy (Hartree):
 -4487.3997859934025
Norm of Gradient:
 1.2269575209898012
############## Energy for level( frag1 ) is : -1690.8288207108887 ################
/home/nbraunsc/MIM/inputs/diamond103_mim1
MIM Energy (Hartree):
 -1690.8288207108887
Norm of Gradient:
 0.19113609800713866
############## Energy for level( frag1 ) is : -2878.272023549189 ################
/home/nbraunsc/MIM/inputs/diamond163_mim1
MIM Energy (Hartree):
 -2878.272023549189
Norm of Gradient:
 0.5570777272533747
############## Energy for level( frag1 ) is : -4489.579831099704 ################
/home/nbraunsc/MIM/inputs/diamond240_mim1
MIM Energy (Hartree):
 -4489.579831099704
Norm of Gradient:
 1.079428300818229
############## Energy for level( frag1 ) is : -1691.0591608678767 ################
/home/nbraunsc/MIM/inputs/diamond103_mim1
MIM Energy (Hartree):
 -1691.0591608678767
Norm of Gradient:
 0.13492697847982707
############## Energy for level( frag1 ) is : -2879.125571148533 ################
/home/nbraunsc/MIM/inputs/diamond163_mim1
MIM Energy (Hartree):
 -2879.125571148533
Norm of Gradient:
 0.46083959508022826
############## Energy for level( frag1 ) is : -1691.2116726632337 ################
/home/nbraunsc/MIM/inputs/diamond103_mim1
MIM Energy (Hartree):
 -1691.2116726632337
Norm of Gradient:
 0.08868751148446483
############## Energy for level( frag1 ) is : -1691.302267909038 ################
/home/nbraunsc/MIM/inputs/diamond103_mim1
MIM Energy (Hartree):
 -1691.302267909038
Norm of Gradient:
 0.05168419570603846
############## Energy for level( frag1 ) is : -2879.82030619504 ################
/home/nbraunsc/MIM/inputs/diamond163_mim1
MIM Energy (Hartree):
 -2879.82030619504
Norm of Gradient:
 0.37615054833175343
############## Energy for level( frag1 ) is : -1691.3463049461795 ################
/home/nbraunsc/MIM/inputs/diamond103_mim1
MIM Energy (Hartree):
 -1691.3463049461795
Norm of Gradient:
 0.02397201934191701
############## Energy for level( frag3 ) is : -1933.6363222425564 ################
############## Energy for level( frag1 ) is : -3902.7485470102583 ################
############## Energy for level( frag2 ) is : -1968.9909069540877 ################
/home/nbraunsc/MIM/inputs/diamond103
MIM Energy (Hartree):
 -1968.9909069540877
Norm of Gradient:
 0.15023373978665389
############## Energy for level( frag1 ) is : -4491.47845779162 ################
/home/nbraunsc/MIM/inputs/diamond240_mim1
MIM Energy (Hartree):
 -4491.47845779162
Norm of Gradient:
 0.9455380420063427
############## Energy for level( frag1 ) is : -1691.3602885625378 ################
/home/nbraunsc/MIM/inputs/diamond103_mim1
MIM Energy (Hartree):
 -1691.3602885625378
Norm of Gradient:
 0.007620284322287974
############## Energy for level( frag1 ) is : -2880.3769154872098 ################
/home/nbraunsc/MIM/inputs/diamond163_mim1
MIM Energy (Hartree):
 -2880.3769154872098
Norm of Gradient:
 0.3018442094168711
############## Energy for level( frag1 ) is : -1691.361972973149 ################
/home/nbraunsc/MIM/inputs/diamond103_mim1
MIM Energy (Hartree):
 -1691.361972973149
Norm of Gradient:
 0.005405827811900929
############## Energy for level( frag1 ) is : -4493.124876176151 ################
/home/nbraunsc/MIM/inputs/diamond240_mim1
MIM Energy (Hartree):
 -4493.124876176151
Norm of Gradient:
 0.8241434320028833
############## Energy for level( frag1 ) is : -2880.8137402365433 ################
/home/nbraunsc/MIM/inputs/diamond163_mim1
MIM Energy (Hartree):
 -2880.8137402365433
Norm of Gradient:
 0.23690419030725213
############## Energy for level( frag1 ) is : -1691.3620249412488 ################
/home/nbraunsc/MIM/inputs/diamond103_mim1
MIM Energy (Hartree):
 -1691.3620249412488
Norm of Gradient:
 0.004879045465294308
############## Energy for level( frag1 ) is : -4494.5453633500365 ################
/home/nbraunsc/MIM/inputs/diamond240_mim1
MIM Energy (Hartree):
 -4494.5453633500365
Norm of Gradient:
 0.7142518817892684
############## Energy for level( frag1 ) is : -2881.147173485717 ################
/home/nbraunsc/MIM/inputs/diamond163_mim1
MIM Energy (Hartree):
 -2881.147173485717
Norm of Gradient:
 0.18045111433535993
############## Energy for level( frag1 ) is : -1682.654835935494 ################
/home/nbraunsc/MIM/inputs/diamond103_mim1
MIM Energy (Hartree):
 -1682.654835935494
Norm of Gradient:
 1.2907915749521162
############## Energy for level( frag1 ) is : -1682.6548359354947 ################
/home/nbraunsc/MIM/inputs/diamond103_mim1
MIM Energy (Hartree):
 -1682.6548359354947
Norm of Gradient:
 1.2907915749521204
############## Energy for level( frag1 ) is : -4495.763568574161 ################
/home/nbraunsc/MIM/inputs/diamond240_mim1
MIM Energy (Hartree):
 -4495.763568574161
Norm of Gradient:
 0.6148693234853939
############## Energy for level( frag1 ) is : -2881.39194700256 ################
/home/nbraunsc/MIM/inputs/diamond163_mim1
MIM Energy (Hartree):
 -2881.39194700256
Norm of Gradient:
 0.13176752513316764
############## Energy for level( frag1 ) is : -1691.362028589438 ################
/home/nbraunsc/MIM/inputs/diamond103_mim1
MIM Energy (Hartree):
 -1691.362028589438
Norm of Gradient:
 0.004798728801287529
############## Energy for level( frag1 ) is : -4496.8008063207 ################
/home/nbraunsc/MIM/inputs/diamond240_mim1
MIM Energy (Hartree):
 -4496.8008063207
Norm of Gradient:
 0.5251333393018041
############## Energy for level( frag1 ) is : -1691.362006000891 ################
/home/nbraunsc/MIM/inputs/diamond103_mim1
MIM Energy (Hartree):
 -1691.362006000891
Norm of Gradient:
 0.00483029946468163
############## Energy for level( frag1 ) is : -1691.362006000891 ################
/home/nbraunsc/MIM/inputs/diamond103_mim1
MIM Energy (Hartree):
 -1691.362006000891
Norm of Gradient:
 0.00483029946468163
############## Energy for level( frag1 ) is : -2881.5616162274737 ################
/home/nbraunsc/MIM/inputs/diamond163_mim1
MIM Energy (Hartree):
 -2881.5616162274737
Norm of Gradient:
 0.09030322910137913
############## Energy for level( frag1 ) is : -1691.3620258691042 ################
/home/nbraunsc/MIM/inputs/diamond103_mim1
MIM Energy (Hartree):
 -1691.3620258691042
Norm of Gradient:
 0.004782772031437453
############## Energy for level( frag1 ) is : -4497.676294782164 ################
/home/nbraunsc/MIM/inputs/diamond240_mim1
MIM Energy (Hartree):
 -4497.676294782164
Norm of Gradient:
 0.44424700013476226
############## Energy for level( frag1 ) is : -2881.668918952554 ################
/home/nbraunsc/MIM/inputs/diamond163_mim1
MIM Energy (Hartree):
 -2881.668918952554
Norm of Gradient:
 0.05582095875507296
############## Energy for level( frag1 ) is : -1691.3620322881025 ################
/home/nbraunsc/MIM/inputs/diamond103_mim1
MIM Energy (Hartree):
 -1691.3620322881025
Norm of Gradient:
 0.004712100603630214
############## Energy for level( frag1 ) is : -4498.407411173733 ################
/home/nbraunsc/MIM/inputs/diamond240_mim1
MIM Energy (Hartree):
 -4498.407411173733
Norm of Gradient:
 0.3714838194816102
############## Energy for level( frag1 ) is : -2881.726617239234 ################
/home/nbraunsc/MIM/inputs/diamond163_mim1
MIM Energy (Hartree):
 -2881.726617239234
Norm of Gradient:
 0.028607647597290217
4
############## Energy for level( frag1 ) is : -1691.3620392669443 ################
/home/nbraunsc/MIM/inputs/diamond103_mim1
MIM Energy (Hartree):
 -1691.3620392669443
Norm of Gradient:
 0.004553636135011894
############## Energy for level( frag1 ) is : -1691.3620524657204 ################
/home/nbraunsc/MIM/inputs/diamond103_mim1
MIM Energy (Hartree):
 -1691.3620524657204
Norm of Gradient:
 0.004242013656196212
############## Energy for level( frag1 ) is : -4499.009871508164 ################
/home/nbraunsc/MIM/inputs/diamond240_mim1
MIM Energy (Hartree):
 -4499.009871508164
Norm of Gradient:
 0.30618811152900804
############## Energy for level( frag1 ) is : -2881.7489055963424 ################
/home/nbraunsc/MIM/inputs/diamond163_mim1
MIM Energy (Hartree):
 -2881.7489055963424
Norm of Gradient:
 0.010476058438238971
############## Energy for level( frag1 ) is : -1691.3620757463318 ################
/home/nbraunsc/MIM/inputs/diamond103_mim1
MIM Energy (Hartree):
 -1691.3620757463318
Norm of Gradient:
 0.003619419459489667
############## Energy for level( frag1 ) is : -1691.3621100349947 ################
/home/nbraunsc/MIM/inputs/diamond103_mim1
MIM Energy (Hartree):
 -1691.3621100349947
Norm of Gradient:
 0.0023631818992311746
############## Energy for level( frag1 ) is : -1691.362133321668 ################
/home/nbraunsc/MIM/inputs/diamond103_mim1
MIM Energy (Hartree):
 -1691.362133321668
Norm of Gradient:
 0.0003886418110868711
############## Energy for level( frag1 ) is : -2881.752988437457 ################
/home/nbraunsc/MIM/inputs/diamond163_mim1
MIM Energy (Hartree):
 -2881.752988437457
Norm of Gradient:
 0.006260422678665659
############## Energy for level( frag1 ) is : -4499.49798602641 ################
/home/nbraunsc/MIM/inputs/diamond240_mim1
MIM Energy (Hartree):
 -4499.49798602641
Norm of Gradient:
 0.24779113402258188
############## Energy for level( frag1 ) is : -2881.753070494146 ################
/home/nbraunsc/MIM/inputs/diamond163_mim1
MIM Energy (Hartree):
 -2881.753070494146
Norm of Gradient:
 0.0057496793591998736
############## Energy for level( frag1 ) is : -4499.884803874966 ################
/home/nbraunsc/MIM/inputs/diamond240_mim1
MIM Energy (Hartree):
 -4499.884803874966
Norm of Gradient:
 0.19576321488869827
############## Energy for level( frag1 ) is : -2881.7531453365714 ################
/home/nbraunsc/MIM/inputs/diamond163_mim1
MIM Energy (Hartree):
 -2881.7531453365714
Norm of Gradient:
 0.004153872043337824
############## Energy for level( frag1 ) is : -2881.753203417005 ################
/home/nbraunsc/MIM/inputs/diamond163_mim1
MIM Energy (Hartree):
 -2881.753203417005
Norm of Gradient:
 0.001728966854440907
############## Energy for level( frag1 ) is : -4500.182327036451 ################
/home/nbraunsc/MIM/inputs/diamond240_mim1
MIM Energy (Hartree):
 -4500.182327036451
Norm of Gradient:
 0.1497033853283255
############## Energy for level( frag1 ) is : -2881.753220284697 ################
/home/nbraunsc/MIM/inputs/diamond163_mim1
MIM Energy (Hartree):
 -2881.753220284697
Norm of Gradient:
 0.0005481946044279151
############## Energy for level( frag1 ) is : 0 ################
/home/nbraunsc/MIM/inputs/diamond103_mim1
MIM Energy (Hartree):
 0
Norm of Gradient:
 0.0
############## Energy for level( frag1 ) is : -4500.401780615972 ################
/home/nbraunsc/MIM/inputs/diamond240_mim1
MIM Energy (Hartree):
 -4500.401780615972
Norm of Gradient:
 0.10927397452366146
############## Energy for level( frag1 ) is : -4500.553789166547 ################
/home/nbraunsc/MIM/inputs/diamond240_mim1
MIM Energy (Hartree):
 -4500.553789166547
Norm of Gradient:
 0.07432816029112006
############## Energy for level( frag1 ) is : -4500.648886374822 ################
/home/nbraunsc/MIM/inputs/diamond240_mim1
MIM Energy (Hartree):
 -4500.648886374822
Norm of Gradient:
 0.044975311338947714
############## Energy for level( frag1 ) is : -4500.698326668758 ################
/home/nbraunsc/MIM/inputs/diamond240_mim1
MIM Energy (Hartree):
 -4500.698326668758
Norm of Gradient:
 0.021990123309493785
############## Energy for level( frag1 ) is : -4500.715713341991 ################
/home/nbraunsc/MIM/inputs/diamond240_mim1
MIM Energy (Hartree):
 -4500.715713341991
Norm of Gradient:
 0.008224096223907818
############## Energy for level( frag1 ) is : -4500.71814850342 ################
/home/nbraunsc/MIM/inputs/diamond240_mim1
MIM Energy (Hartree):
 -4500.71814850342
Norm of Gradient:
 0.006701119546487355
############## Energy for level( frag1 ) is : -4500.718218262143 ################
/home/nbraunsc/MIM/inputs/diamond240_mim1
MIM Energy (Hartree):
 -4500.718218262143
Norm of Gradient:
 0.0059479063331854655
############## Energy for level( frag1 ) is : -4500.718323775132 ################
/home/nbraunsc/MIM/inputs/diamond240_mim1
MIM Energy (Hartree):
 -4500.718323775132
Norm of Gradient:
 0.0033473948447175963
############## Energy for level( frag1 ) is : -4500.718366773399 ################
/home/nbraunsc/MIM/inputs/diamond240_mim1
MIM Energy (Hartree):
 -4500.718366773399
Norm of Gradient:
 0.001270826817462609
############## Energy for level( frag1 ) is : -12515.577042268696 ################
/home/nbraunsc/MIM/inputs/diamond593_mim1
MIM Energy (Hartree):
 -12515.577042268696
Norm of Gradient:
 2.827740918433442
############## Energy for level( frag1 ) is : -12517.651174928773 ################
/home/nbraunsc/MIM/inputs/diamond593_mim1
MIM Energy (Hartree):
 -12517.651174928773
Norm of Gradient:
 2.767085692997292
############## Energy for level( frag1 ) is : -12521.653129267379 ################
/home/nbraunsc/MIM/inputs/diamond593_mim1
MIM Energy (Hartree):
 -12521.653129267379
Norm of Gradient:
 2.648345083709896
############## Energy for level( frag1 ) is : -12527.666613371064 ################
/home/nbraunsc/MIM/inputs/diamond593_mim1
MIM Energy (Hartree):
 -12527.666613371064
Norm of Gradient:
 2.4664352987947975
############## Energy for level( frag1 ) is : -12533.224175683503 ################
/home/nbraunsc/MIM/inputs/diamond593_mim1
MIM Energy (Hartree):
 -12533.224175683503
Norm of Gradient:
 2.2945194243949634
############## Energy for level( frag1 ) is : -12538.358597440829 ################
/home/nbraunsc/MIM/inputs/diamond593_mim1
MIM Energy (Hartree):
 -12538.358597440829
Norm of Gradient:
 2.132080700732441
############## Energy for level( frag1 ) is : -12543.097473394475 ################
/home/nbraunsc/MIM/inputs/diamond593_mim1
MIM Energy (Hartree):
 -12543.097473394475
Norm of Gradient:
 1.978594427455006
############## Energy for level( frag1 ) is : -12547.466583752062 ################
/home/nbraunsc/MIM/inputs/diamond593_mim1
MIM Energy (Hartree):
 -12547.466583752062
Norm of Gradient:
 1.8336587208609203
############## Energy for level( frag1 ) is : -12551.490075872629 ################
/home/nbraunsc/MIM/inputs/diamond593_mim1
MIM Energy (Hartree):
 -12551.490075872629
Norm of Gradient:
 1.6968590535068286
############## Energy for level( frag1 ) is : -12555.190530943864 ################
/home/nbraunsc/MIM/inputs/diamond593_mim1
MIM Energy (Hartree):
 -12555.190530943864
Norm of Gradient:
 1.5677965627865784
############## Energy for level( frag1 ) is : -12558.589083278594 ################
/home/nbraunsc/MIM/inputs/diamond593_mim1
MIM Energy (Hartree):
 -12558.589083278594
Norm of Gradient:
 1.4460819174955903
############## Energy for level( frag1 ) is : -12561.705513993134 ################
/home/nbraunsc/MIM/inputs/diamond593_mim1
MIM Energy (Hartree):
 -12561.705513993134
Norm of Gradient:
 1.3313213463333462
############## Energy for level( frag1 ) is : -12564.558341028036 ################
/home/nbraunsc/MIM/inputs/diamond593_mim1
MIM Energy (Hartree):
 -12564.558341028036
Norm of Gradient:
 1.2231924843896667
############## Energy for level( frag1 ) is : -12567.16490528733 ################
/home/nbraunsc/MIM/inputs/diamond593_mim1
MIM Energy (Hartree):
 -12567.16490528733
Norm of Gradient:
 1.1213812498990954
############## Energy for level( frag1 ) is : -12569.541446227619 ################
/home/nbraunsc/MIM/inputs/diamond593_mim1
MIM Energy (Hartree):
 -12569.541446227619
Norm of Gradient:
 1.0255781726890083
############## Energy for level( frag1 ) is : -12571.703159082419 ################
/home/nbraunsc/MIM/inputs/diamond593_mim1
MIM Energy (Hartree):
 -12571.703159082419
Norm of Gradient:
 0.9354408507082121
############## Energy for level( frag1 ) is : -12573.664312783805 ################
/home/nbraunsc/MIM/inputs/diamond593_mim1
MIM Energy (Hartree):
 -12573.664312783805
Norm of Gradient:
 0.8507022369263488
############## Energy for level( frag1 ) is : -21205.372176544177 ################
/home/nbraunsc/MIM/inputs/dimaond950_mim1
MIM Energy (Hartree):
 -21205.372176544177
Norm of Gradient:
 3.394213645195637
############## Energy for level( frag1 ) is : -12575.438255633062 ################
/home/nbraunsc/MIM/inputs/diamond593_mim1
MIM Energy (Hartree):
 -12575.438255633062
Norm of Gradient:
 0.7710893139918611
############## Energy for level( frag1 ) is : -12577.03750993081 ################
/home/nbraunsc/MIM/inputs/diamond593_mim1
MIM Energy (Hartree):
 -12577.03750993081
Norm of Gradient:
 0.6963434033449607
############## Energy for level( frag1 ) is : -12578.473836842104 ################
/home/nbraunsc/MIM/inputs/diamond593_mim1
MIM Energy (Hartree):
 -12578.473836842104
Norm of Gradient:
 0.6262199570030106
############## Energy for level( frag1 ) is : -21208.084729212536 ################
/home/nbraunsc/MIM/inputs/dimaond950_mim1
MIM Energy (Hartree):
 -21208.084729212536
Norm of Gradient:
 3.3382517841640493
############## Energy for level( frag1 ) is : -12579.7582458805 ################
/home/nbraunsc/MIM/inputs/diamond593_mim1
MIM Energy (Hartree):
 -12579.7582458805
Norm of Gradient:
 0.5604861925522954
############## Energy for level( frag1 ) is : -12580.901107255257 ################
/home/nbraunsc/MIM/inputs/diamond593_mim1
MIM Energy (Hartree):
 -12580.901107255257
Norm of Gradient:
 0.49891999899734585
############## Energy for level( frag1 ) is : -21213.361848234395 ################
/home/nbraunsc/MIM/inputs/dimaond950_mim1
MIM Energy (Hartree):
 -21213.361848234395
Norm of Gradient:
 3.228127620432867
############## Energy for level( frag1 ) is : -12581.912167420556 ################
/home/nbraunsc/MIM/inputs/diamond593_mim1
MIM Energy (Hartree):
 -12581.912167420556
Norm of Gradient:
 0.44132013087718786
############## Energy for level( frag1 ) is : -12582.800615472219 ################
/home/nbraunsc/MIM/inputs/diamond593_mim1
MIM Energy (Hartree):
 -12582.800615472219
Norm of Gradient:
 0.38750079885946015
############## Energy for level( frag1 ) is : -12583.575094251502 ################
/home/nbraunsc/MIM/inputs/diamond593_mim1
MIM Energy (Hartree):
 -12583.575094251502
Norm of Gradient:
 0.3372876076824286
############## Energy for level( frag1 ) is : -12584.243768115364 ################
/home/nbraunsc/MIM/inputs/diamond593_mim1
MIM Energy (Hartree):
 -12584.243768115364
Norm of Gradient:
 0.29050186984917314
############## Energy for level( frag1 ) is : -12584.814417959535 ################
/home/nbraunsc/MIM/inputs/diamond593_mim1
MIM Energy (Hartree):
 -12584.814417959535
Norm of Gradient:
 0.24702041892265544
############## Energy for level( frag1 ) is : -12585.294415995933 ################
/home/nbraunsc/MIM/inputs/diamond593_mim1
MIM Energy (Hartree):
 -12585.294415995933
Norm of Gradient:
 0.20671368979683266
############## Energy for level( frag1 ) is : -12585.690781431444 ################
/home/nbraunsc/MIM/inputs/diamond593_mim1
MIM Energy (Hartree):
 -12585.690781431444
Norm of Gradient:
 0.16948255941256643
############## Energy for level( frag1 ) is : -12586.01030158766 ################
/home/nbraunsc/MIM/inputs/diamond593_mim1
MIM Energy (Hartree):
 -12586.01030158766
Norm of Gradient:
 0.1352698610615951
############## Energy for level( frag1 ) is : -12586.25957952226 ################
/home/nbraunsc/MIM/inputs/diamond593_mim1
MIM Energy (Hartree):
 -12586.25957952226
Norm of Gradient:
 0.10405881300380247
############## Energy for level( frag1 ) is : -12586.445186338906 ################
/home/nbraunsc/MIM/inputs/diamond593_mim1
MIM Energy (Hartree):
 -12586.445186338906
Norm of Gradient:
 0.07591359018769507
############## Energy for level( frag1 ) is : -12586.573895961736 ################
/home/nbraunsc/MIM/inputs/diamond593_mim1
MIM Energy (Hartree):
 -12586.573895961736
Norm of Gradient:
 0.05104714965058221
############## Energy for level( frag1 ) is : -12586.653156701075 ################
/home/nbraunsc/MIM/inputs/diamond593_mim1
MIM Energy (Hartree):
 -12586.653156701075
Norm of Gradient:
 0.030010429673420734
############## Energy for level( frag1 ) is : -12586.692134235242 ################
/home/nbraunsc/MIM/inputs/diamond593_mim1
MIM Energy (Hartree):
 -12586.692134235242
Norm of Gradient:
 0.0141863102508039
############## Energy for level( frag1 ) is : -12586.70456205509 ################
/home/nbraunsc/MIM/inputs/diamond593_mim1
MIM Energy (Hartree):
 -12586.70456205509
Norm of Gradient:
 0.008058533203564432
############## Energy for level( frag1 ) is : -12586.70469757208 ################
/home/nbraunsc/MIM/inputs/diamond593_mim1
MIM Energy (Hartree):
 -12586.70469757208
Norm of Gradient:
 0.007260055837294663
############## Energy for level( frag1 ) is : -21221.482320241736 ################
/home/nbraunsc/MIM/inputs/dimaond950_mim1
MIM Energy (Hartree):
 -21221.482320241736
Norm of Gradient:
 3.056041630443764
############## Energy for level( frag1 ) is : -21229.123064997315 ################
/home/nbraunsc/MIM/inputs/dimaond950_mim1
MIM Energy (Hartree):
 -21229.123064997315
Norm of Gradient:
 2.8912310451727743
############## Energy for level( frag1 ) is : -21236.31110642094 ################
/home/nbraunsc/MIM/inputs/dimaond950_mim1
MIM Energy (Hartree):
 -21236.31110642094
Norm of Gradient:
 2.7333899646715043
############## Energy for level( frag1 ) is : -21243.069574309367 ################
/home/nbraunsc/MIM/inputs/dimaond950_mim1
MIM Energy (Hartree):
 -21243.069574309367
Norm of Gradient:
 2.5822917915712065
############## Energy for level( frag1 ) is : -21249.420428368892 ################
/home/nbraunsc/MIM/inputs/dimaond950_mim1
MIM Energy (Hartree):
 -21249.420428368892
Norm of Gradient:
 2.437630347540233
############## Energy for level( frag1 ) is : -21255.38448311311 ################
/home/nbraunsc/MIM/inputs/dimaond950_mim1
MIM Energy (Hartree):
 -21255.38448311311
Norm of Gradient:
 2.2991817854314567
############## Energy for level( frag1 ) is : -21260.981526917232 ################
/home/nbraunsc/MIM/inputs/dimaond950_mim1
MIM Energy (Hartree):
 -21260.981526917232
Norm of Gradient:
 2.166728547452468
############## Energy for level( frag1 ) is : -21266.23034208656 ################
/home/nbraunsc/MIM/inputs/dimaond950_mim1
MIM Energy (Hartree):
 -21266.23034208656
Norm of Gradient:
 2.040045641942011
